[13:52:17] [main/INFO]: Loading Minecraft 1.21 with Fabric Loader 0.15.11
[13:52:17] [main/INFO]: Loading 66 mods:
	- architectury 13.0.2
	- cloth-config 15.0.127
	   \-- cloth-basic-math 0.6.1
	- fabric-api 0.100.4+1.21
	   |-- fabric-api-base 0.4.42+6573ed8cd1
	   |-- fabric-api-lookup-api-v1 1.6.67+b5597344d1
	   |-- fabric-biome-api-v1 13.0.28+6fc22b99d1
	   |-- fabric-block-api-v1 1.0.22+0af3f5a7d1
	   |-- fabric-block-view-api-v2 1.0.10+6573ed8cd1
	   |-- fabric-blockrenderlayer-v1 1.1.52+0af3f5a7d1
	   |-- fabric-client-tags-api-v1 1.1.15+6573ed8cd1
	   |-- fabric-command-api-v1 1.2.48+f71b366fd1
	   |-- fabric-command-api-v2 2.2.27+6a6dfa19d1
	   |-- fabric-commands-v0 0.2.65+df3654b3d1
	   |-- fabric-content-registries-v0 8.0.14+b5597344d1
	   |-- fabric-convention-tags-v1 2.0.15+7f945d5bd1
	   |-- fabric-convention-tags-v2 2.3.2+78017270d1
	   |-- fabric-crash-report-info-v1 0.2.29+0af3f5a7d1
	   |-- fabric-data-attachment-api-v1 1.1.24+6a6dfa19d1
	   |-- fabric-data-generation-api-v1 20.2.9+16c4ae25d1
	   |-- fabric-dimensions-v1 4.0.0+6fc22b99d1
	   |-- fabric-entity-events-v1 1.6.12+6fc22b99d1
	   |-- fabric-events-interaction-v0 0.7.10+e633f883d1
	   |-- fabric-game-rule-api-v1 1.0.52+6573ed8cd1
	   |-- fabric-item-api-v1 11.0.0+afdfc921d1
	   |-- fabric-item-group-api-v1 4.1.2+78017270d1
	   |-- fabric-key-binding-api-v1 1.0.47+0af3f5a7d1
	   |-- fabric-keybindings-v0 0.2.45+df3654b3d1
	   |-- fabric-lifecycle-events-v1 2.3.11+8f3583aed1
	   |-- fabric-loot-api-v2 3.0.11+6573ed8cd1
	   |-- fabric-message-api-v1 6.0.13+6573ed8cd1
	   |-- fabric-model-loading-api-v1 2.0.0+fe474d6bd1
	   |-- fabric-networking-api-v1 4.2.0+ab7edbacd1
	   |-- fabric-object-builder-api-v1 15.1.12+d1321076d1
	   |-- fabric-particles-v1 4.0.2+6573ed8cd1
	   |-- fabric-recipe-api-v1 5.0.10+65089712d1
	   |-- fabric-registry-sync-v0 5.0.23+78017270d1
	   |-- fabric-renderer-api-v1 3.3.0+0ae0b97dd1
	   |-- fabric-renderer-indigo 1.6.5+48fb1586d1
	   |-- fabric-renderer-registries-v1 3.2.67+df3654b3d1
	   |-- fabric-rendering-data-attachment-v1 0.3.48+73761d2ed1
	   |-- fabric-rendering-fluids-v1 3.1.6+b5597344d1
	   |-- fabric-rendering-v0 1.1.70+df3654b3d1
	   |-- fabric-rendering-v1 5.0.4+5a8c785ed1
	   |-- fabric-resource-conditions-api-v1 4.2.1+d153f344d1
	   |-- fabric-resource-loader-v0 1.1.5+78017270d1
	   |-- fabric-screen-api-v1 2.0.24+b5597344d1
	   |-- fabric-screen-handler-api-v1 1.3.80+b5597344d1
	   |-- fabric-sound-api-v1 1.0.23+6573ed8cd1
	   |-- fabric-transfer-api-v1 5.1.15+3dccd343d1
	   \-- fabric-transitive-access-wideners-v1 6.0.12+6573ed8cd1
	- fabricloader 0.15.11
	   \-- mixinextras 0.3.5
	- java 21
	- journeymap 1.21-6.0.0-beta.7
	   |-- ar_com_hjg_pngj 2.1.0
	   |-- commonnetworking 1.0.11-1.21
	   \-- journeymap-api-fabric 2.0.0-1.21-SNAPSHOT
	- minecraft 1.21
	- plasmovoice 2.0.10
	   |-- aopalliance_aopalliance 1.0
	   |-- com_google_inject_guice 5.0.1
	   |-- fabric-permissions-api-v0 0.2-SNAPSHOT
	   \-- javax_inject_javax_inject 1
	- roughlyenoughitems 16.0.729
	   \-- error_notifier 1.0.9
[13:52:18] [main/INFO]: SpongePowered MIXIN Subsystem Version=0.8.5 Source=file:/C:/Users/galki/AppData/Roaming/.tlauncher/legacy/Minecraft/game/libraries/net/fabricmc/sponge-mixin/0.13.3+mixin.0.8.5/sponge-mixin-0.13.3+mixin.0.8.5.jar Service=Knot/Fabric Env=CLIENT
[13:52:21] [main/INFO]: Compatibility level set to JAVA_16
[13:52:21] [main/INFO]: Compatibility level set to JAVA_17
[13:52:21] [main/WARN]: Reference map 'journeymap-refmap.json' for journeymap.mixins.json could not be read. If this is a development environment you can ignore this message
[13:52:21] [main/WARN]: Reference map 'journeymap-refmap.json' for journeymap.fabric.mixins.json could not be read. If this is a development environment you can ignore this message
[13:52:23] [main/INFO]: Initializing MixinExtras via com.llamalad7.mixinextras.service.MixinExtrasServiceImpl(version=0.3.5).
[13:52:25] [Datafixer Bootstrap/INFO]: 226 Datafixer optimizations took 552 milliseconds
[13:52:33] [Render thread/INFO]: Environment: ElyEnvironment[name=ely,authHost=https://authserver.ely.by/auth,accountsHost=https://account.ely.by/api/mojang,sessionHost=https://account.ely.by/api/minecraft/session,servicesHost=https://authserver.ely.by/services]
[13:52:33] [Render thread/INFO]: CAFixer is not available: java.lang.NoClassDefFoundError: com/turikhay/caf/util/Logger
[13:52:33] [Render thread/INFO]: Setting user: RelizTehZon
[13:52:34] [Render thread/INFO]: Initializing ServerSide Packet Registries
[13:52:34] [Render thread/INFO]: [REI] Config loaded
[13:52:34] [Render thread/INFO]: Registering S2C receiver with id roughlyenoughitems:request_tags_s2c
[13:52:34] [Render thread/INFO]: Registering C2S receiver with id roughlyenoughitems:request_tags_c2s
[13:52:34] [Render thread/INFO]: [REI] Registered plugin provider DefaultPlugin [roughlyenoughitems] for REIPlugin
[13:52:34] [Render thread/INFO]: [REI] Registered plugin provider DefaultRuntimePlugin [roughlyenoughitems] for REIPlugin
[13:52:34] [Render thread/INFO]: [REI] Registered plugin provider DefaultClientPlugin [roughlyenoughitems] for REIPlugin
[13:52:35] [Render thread/INFO]: [REI] Registered plugin provider DefaultClientRuntimePlugin [roughlyenoughitems] for REIPlugin
[13:52:35] [Render thread/INFO]: [REI] Registered plugin provider HideIngredientsFromTagsPlugin [roughlyenoughitems] for REIPlugin
[13:52:35] [Render thread/INFO]: [REI] Registered plugin provider DefaultPlugin [roughlyenoughitems] for REIServerPlugin
[13:52:35] [Render thread/INFO]: [REI] Registered plugin provider DefaultRuntimePlugin [roughlyenoughitems] for REIServerPlugin
[13:52:35] [Render thread/INFO]: [REI] Registered plugin provider FabricFluidAPISupportPlugin for REIServerPlugin
[13:52:35] [Render thread/INFO]: [REI] Registered plugin provider FabricFluidAPISupportPlugin for REIPlugin
[13:52:35] [Render thread/INFO]: Registering C2S receiver with id roughlyenoughitems:delete_item
[13:52:35] [Render thread/INFO]: Registering C2S receiver with id roughlyenoughitems:create_item
[13:52:35] [Render thread/INFO]: Registering C2S receiver with id roughlyenoughitems:create_item_grab
[13:52:35] [Render thread/INFO]: Registering C2S receiver with id roughlyenoughitems:create_item_hotbar
[13:52:35] [Render thread/INFO]: Registering C2S receiver with id roughlyenoughitems:move_items
[13:52:35] [Render thread/INFO]: Registering C2S receiver with id roughlyenoughitems:move_items_new
[13:52:35] [Render thread/INFO]: Registering S2C receiver with id architectury:spawn_entity_packet
[13:52:35] [Render thread/INFO]: [Indigo] Registering Indigo renderer!
[13:52:35] [Render thread/INFO]: [REI] Registered plugin provider DefaultClientPlugin [roughlyenoughitems] for REIClientPlugin
[13:52:35] [Render thread/INFO]: [REI] Registered plugin provider DefaultClientRuntimePlugin [roughlyenoughitems] for REIClientPlugin
[13:52:35] [Render thread/INFO]: [REI] Registered plugin provider HideIngredientsFromTagsPlugin [roughlyenoughitems] for REIClientPlugin
[13:52:35] [Render thread/INFO]: Registering S2C receiver with id roughlyenoughitems:ci_msg
[13:52:35] [Render thread/INFO]: Registering S2C receiver with id roughlyenoughitems:og_not_enough
[13:52:36] [Render thread/INFO]: Backend library: LWJGL version 3.3.3-snapshot
[13:52:39] [Render thread/INFO]: Reloading ResourceManager: vanilla, fabric, cloth-config, fabric-api, fabric-api-base, fabric-api-lookup-api-v1, fabric-biome-api-v1, fabric-block-api-v1, fabric-block-view-api-v2, fabric-blockrenderlayer-v1, fabric-client-tags-api-v1, fabric-command-api-v1, fabric-command-api-v2, fabric-commands-v0, fabric-content-registries-v0, fabric-convention-tags-v1, fabric-convention-tags-v2, fabric-crash-report-info-v1, fabric-data-attachment-api-v1, fabric-data-generation-api-v1, fabric-dimensions-v1, fabric-entity-events-v1, fabric-events-interaction-v0, fabric-game-rule-api-v1, fabric-item-api-v1, fabric-item-group-api-v1, fabric-key-binding-api-v1, fabric-keybindings-v0, fabric-lifecycle-events-v1, fabric-loot-api-v2, fabric-message-api-v1, fabric-model-loading-api-v1, fabric-networking-api-v1, fabric-object-builder-api-v1, fabric-particles-v1, fabric-recipe-api-v1, fabric-registry-sync-v0, fabric-renderer-api-v1, fabric-renderer-indigo, fabric-renderer-registries-v1, fabric-rendering-data-attachment-v1, fabric-rendering-fluids-v1, fabric-rendering-v0, fabric-rendering-v1, fabric-resource-conditions-api-v1, fabric-resource-loader-v0, fabric-screen-api-v1, fabric-screen-handler-api-v1, fabric-sound-api-v1, fabric-transfer-api-v1, fabric-transitive-access-wideners-v1, fabricloader, journeymap, plasmovoice, roughlyenoughitems, file/BetterVanillaBuildingV2.98.1.zip
[13:52:39] [Render thread/INFO]: No plugins for JourneyMap API discovered.
[13:52:39] [Worker-Main-7/INFO]: Found unifont_all_no_pua-15.1.05.hex, loading
[13:52:39] [Worker-Main-1/WARN]: Texture minecraft:entity/shield/straight_cross with size 129x129 limits mip level from 4 to 0
[13:52:39] [Worker-Main-1/WARN]: minecraft:textures/atlas/shield_patterns.png: dropping miplevel from 4 to 0, because of minimum power of two: 1
[13:52:39] [Worker-Main-2/WARN]: Invalid path in datapack: minecraft:textures/item/diamond_horse_armor - kopie.png, ignoring
[13:52:40] [Worker-Main-1/WARN]: Invalid frame index on sprite minecraft:block/dragon_egg frame 7: 7
[13:52:40] [Worker-Main-1/WARN]: Invalid frame index on sprite minecraft:block/dragon_egg frame 8: 8
[13:52:40] [Worker-Main-1/WARN]: Invalid frame index on sprite minecraft:block/dragon_egg frame 9: 9
[13:52:40] [Worker-Main-5/INFO]: Found unifont_jp_patch-15.1.05.hex, loading
[13:52:41] [Render thread/WARN]: Missing sound for event: minecraft:item.goat_horn.play
[13:52:41] [Render thread/WARN]: Missing sound for event: minecraft:entity.goat.screaming.horn_break
[13:52:41] [Render thread/INFO]: OpenAL initialized on device OpenAL Soft on Динамики (Realtek High Definition Audio)
[13:52:41] [Render thread/INFO]: Sound engine started
[13:52:41] [Render thread/INFO]: Created: 1024x1024x4 minecraft:textures/atlas/blocks.png-atlas
[13:52:41] [Render thread/INFO]: Created: 256x256x4 minecraft:textures/atlas/signs.png-atlas
[13:52:41] [Render thread/INFO]: Created: 1024x1024x0 minecraft:textures/atlas/shield_patterns.png-atlas
[13:52:41] [Render thread/INFO]: Created: 512x512x4 minecraft:textures/atlas/banner_patterns.png-atlas
[13:52:41] [Render thread/INFO]: Created: 1024x1024x4 minecraft:textures/atlas/armor_trims.png-atlas
[13:52:41] [Render thread/INFO]: Created: 128x64x4 minecraft:textures/atlas/decorated_pot.png-atlas
[13:52:41] [Render thread/INFO]: Created: 256x256x4 minecraft:textures/atlas/chest.png-atlas
[13:52:41] [Render thread/INFO]: Created: 512x256x4 minecraft:textures/atlas/shulker_boxes.png-atlas
[13:52:41] [Render thread/INFO]: Created: 512x256x4 minecraft:textures/atlas/beds.png-atlas
[13:52:42] [Render thread/INFO]: Created: 512x512x0 minecraft:textures/atlas/particles.png-atlas
[13:52:42] [Render thread/INFO]: Created: 512x256x0 minecraft:textures/atlas/paintings.png-atlas
[13:52:42] [Render thread/INFO]: Created: 256x128x0 minecraft:textures/atlas/mob_effects.png-atlas
[13:52:42] [Render thread/INFO]: Created: 64x64x0 minecraft:textures/atlas/map_decorations.png-atlas
[13:52:42] [Render thread/INFO]: Created: 1024x512x0 minecraft:textures/atlas/gui.png-atlas
[13:52:42] [Render thread/WARN]: Shader sepia_1 could not find uniform named ColorModulator in the specified shader program.
[13:52:42] [Render thread/WARN]: Shader sepia_2 could not find uniform named ColorModulator in the specified shader program.
[13:52:42] [Render thread/WARN]: Shader sepia_3 could not find uniform named ColorModulator in the specified shader program.
[13:52:42] [Render thread/WARN]: Shader rendertype_entity_translucent_emissive could not find sampler named Sampler2 in the specified shader program.
[13:52:53] [Render thread/INFO]: Connecting to minecraft.serenity-project.ru, 25565
[13:53:10] [Render thread/INFO]: Reloading ResourceManager: vanilla, fabric, cloth-config, fabric-api, fabric-api-base, fabric-api-lookup-api-v1, fabric-biome-api-v1, fabric-block-api-v1, fabric-block-view-api-v2, fabric-blockrenderlayer-v1, fabric-client-tags-api-v1, fabric-command-api-v1, fabric-command-api-v2, fabric-commands-v0, fabric-content-registries-v0, fabric-convention-tags-v1, fabric-convention-tags-v2, fabric-crash-report-info-v1, fabric-data-attachment-api-v1, fabric-data-generation-api-v1, fabric-dimensions-v1, fabric-entity-events-v1, fabric-events-interaction-v0, fabric-game-rule-api-v1, fabric-item-api-v1, fabric-item-group-api-v1, fabric-key-binding-api-v1, fabric-keybindings-v0, fabric-lifecycle-events-v1, fabric-loot-api-v2, fabric-message-api-v1, fabric-model-loading-api-v1, fabric-networking-api-v1, fabric-object-builder-api-v1, fabric-particles-v1, fabric-recipe-api-v1, fabric-registry-sync-v0, fabric-renderer-api-v1, fabric-renderer-indigo, fabric-renderer-registries-v1, fabric-rendering-data-attachment-v1, fabric-rendering-fluids-v1, fabric-rendering-v0, fabric-rendering-v1, fabric-resource-conditions-api-v1, fabric-resource-loader-v0, fabric-screen-api-v1, fabric-screen-handler-api-v1, fabric-sound-api-v1, fabric-transfer-api-v1, fabric-transitive-access-wideners-v1, fabricloader, journeymap, plasmovoice, roughlyenoughitems, file/BetterVanillaBuildingV2.98.1.zip, server/00000000/f027f2bc-962c-34ea-8111-e98b002c5d47
[13:53:10] [Worker-Main-6/INFO]: Found unifont_all_no_pua-15.1.05.hex, loading
[13:53:10] [Worker-Main-2/WARN]: Texture minecraft:entity/shield/straight_cross with size 129x129 limits mip level from 4 to 0
[13:53:10] [Worker-Main-2/WARN]: minecraft:textures/atlas/shield_patterns.png: dropping miplevel from 4 to 0, because of minimum power of two: 1
[13:53:10] [Worker-Main-4/WARN]: Invalid path in datapack: minecraft:textures/item/diamond_horse_armor - kopie.png, ignoring
[13:53:10] [Worker-Main-4/WARN]: Invalid frame index on sprite minecraft:block/dragon_egg frame 7: 7
[13:53:10] [Worker-Main-4/WARN]: Invalid frame index on sprite minecraft:block/dragon_egg frame 8: 8
[13:53:10] [Worker-Main-4/WARN]: Invalid frame index on sprite minecraft:block/dragon_egg frame 9: 9
[13:53:10] [Worker-Main-6/INFO]: Found unifont_jp_patch-15.1.05.hex, loading
[13:53:11] [Render thread/WARN]: Missing sound for event: minecraft:item.goat_horn.play
[13:53:11] [Render thread/WARN]: Missing sound for event: minecraft:entity.goat.screaming.horn_break
[13:53:11] [Render thread/INFO]: OpenAL initialized on device OpenAL Soft on Динамики (Realtek High Definition Audio)
[13:53:11] [Render thread/INFO]: Sound engine started
[13:53:11] [Render thread/INFO]: Created: 1024x1024x4 minecraft:textures/atlas/blocks.png-atlas
[13:53:11] [Render thread/INFO]: Created: 256x256x4 minecraft:textures/atlas/signs.png-atlas
[13:53:11] [Render thread/INFO]: Created: 1024x1024x0 minecraft:textures/atlas/shield_patterns.png-atlas
[13:53:11] [Render thread/INFO]: Created: 512x512x4 minecraft:textures/atlas/banner_patterns.png-atlas
[13:53:11] [Render thread/INFO]: Created: 1024x1024x4 minecraft:textures/atlas/armor_trims.png-atlas
[13:53:11] [Render thread/INFO]: Created: 128x64x4 minecraft:textures/atlas/decorated_pot.png-atlas
[13:53:11] [Render thread/INFO]: Created: 256x256x4 minecraft:textures/atlas/chest.png-atlas
[13:53:11] [Render thread/INFO]: Created: 512x256x4 minecraft:textures/atlas/shulker_boxes.png-atlas
[13:53:11] [Render thread/INFO]: Created: 512x256x4 minecraft:textures/atlas/beds.png-atlas
[13:53:11] [Render thread/INFO]: Created: 512x512x0 minecraft:textures/atlas/particles.png-atlas
[13:53:11] [Render thread/INFO]: Created: 512x256x0 minecraft:textures/atlas/paintings.png-atlas
[13:53:11] [Render thread/INFO]: Created: 256x128x0 minecraft:textures/atlas/mob_effects.png-atlas
[13:53:11] [Render thread/INFO]: Created: 64x64x0 minecraft:textures/atlas/map_decorations.png-atlas
[13:53:11] [Render thread/INFO]: Created: 1024x512x0 minecraft:textures/atlas/gui.png-atlas
[13:53:11] [Render thread/WARN]: Shader sepia_1 could not find uniform named ColorModulator in the specified shader program.
[13:53:11] [Render thread/WARN]: Shader sepia_2 could not find uniform named ColorModulator in the specified shader program.
[13:53:11] [Render thread/WARN]: Shader sepia_3 could not find uniform named ColorModulator in the specified shader program.
[13:53:11] [Render thread/WARN]: Shader rendertype_entity_translucent_emissive could not find sampler named Sampler2 in the specified shader program.
[13:53:12] [REI-ReloadPlugins/INFO]: [REI] ========================================
[13:53:12] [REI-ReloadPlugins/INFO]: [REI] REIPlugin starting main-reload for START.
[13:53:12] [REI-ReloadPlugins/INFO]: [REI] Plugins (6):
[13:53:12] [REI-ReloadPlugins/INFO]: [REI]  - (-100,00) DefaultClientPlugin of DefaultClientPlugin [roughlyenoughitems]
[13:53:12] [REI-ReloadPlugins/INFO]: [REI]  - (-100,00) DefaultPlugin of DefaultPlugin [roughlyenoughitems]
[13:53:12] [REI-ReloadPlugins/INFO]: [REI]  - (0,00) FabricFluidAPISupportPlugin
[13:53:12] [REI-ReloadPlugins/INFO]: [REI]  - (0,00) HideIngredientsFromTagsPlugin of HideIngredientsFromTagsPlugin [roughlyenoughitems]
[13:53:12] [REI-ReloadPlugins/INFO]: [REI]  - (0,00) DefaultClientRuntimePlugin of DefaultClientRuntimePlugin [roughlyenoughitems]
[13:53:12] [REI-ReloadPlugins/INFO]: [REI]  - (0,00) DefaultRuntimePlugin of DefaultRuntimePlugin [roughlyenoughitems]
[13:53:12] [REI-ReloadPlugins/INFO]: [REI] ========================================
[13:53:12] [Render thread/INFO]: [System] [CHAT] Вы покинули территорию игрока FiNik.
[13:53:12] [Render thread/WARN]: Ignoring player info update for unknown player 8918d9dc-9f3a-3558-9782-8919b0ba96c8 ([UPDATE_DISPLAY_NAME])
[13:53:12] [REI-ReloadPlugins/INFO]: [REI] @@@@@@@@@@@@@@@@@@@@@@@@@@@@@@@@@@@@@@@@
[13:53:12] [REI-ReloadPlugins/INFO]: [REI] REIClientPlugin starting main-reload for START.
[13:53:12] [REI-ReloadPlugins/INFO]: [REI] Plugins (3):
[13:53:12] [REI-ReloadPlugins/INFO]: [REI]  - (-100,00) DefaultClientPlugin of DefaultClientPlugin [roughlyenoughitems]
[13:53:12] [REI-ReloadPlugins/INFO]: [REI]  - (0,00) HideIngredientsFromTagsPlugin of HideIngredientsFromTagsPlugin [roughlyenoughitems]
[13:53:12] [REI-ReloadPlugins/INFO]: [REI]  - (0,00) DefaultClientRuntimePlugin of DefaultClientRuntimePlugin [roughlyenoughitems]
[13:53:12] [REI-ReloadPlugins/INFO]: [REI] @@@@@@@@@@@@@@@@@@@@@@@@@@@@@@@@@@@@@@@@
[13:53:12] [Render thread/INFO]: [System] [CHAT] > RelizTehZon присоединился к игре
[13:53:12] [Render thread/INFO]: [System] [CHAT] (!) Авторизуйтесь, используя /login [пароль] 
[13:53:12] [Render thread/INFO]: Loaded 341 advancements
[13:53:12] [REI-ReloadPlugins/ERROR]: [REI] Failed to collect creative tab: net.minecraft.class_1761@41cf5cc1
java.lang.IllegalStateException: Registry minecraft:banner_pattern not found
	at net.minecraft.class_7225$class_7874.method_46763(class_7225.java:107) ~[client-intermediary.jar:?]
	at java.base/java.util.Optional.orElseThrow(Optional.java:403) ~[?:?]
	at net.minecraft.class_7225$class_7874.method_46762(class_7225.java:107) ~[client-intermediary.jar:?]
	at net.minecraft.class_7706.method_51332(class_7706.java:1266) ~[client-intermediary.jar:?]
	at me.shedaniel.rei.impl.client.fabric.CreativeModeTabCollectorImpl.collectTabs(CreativeModeTabCollectorImpl.java:56) ~[RoughlyEnoughItems-16.0.729-fabric%20(1).jar:?]
	at java.base/jdk.internal.reflect.DirectMethodHandleAccessor.invoke(DirectMethodHandleAccessor.java:103) ~[?:?]
	at java.base/java.lang.reflect.Method.invoke(Method.java:580) ~[?:?]
	at me.shedaniel.rei.plugin.client.DefaultClientPlugin.collectTabs(DefaultClientPlugin.java:195) ~[RoughlyEnoughItems-16.0.729-fabric%20(1).jar:?]
	at me.shedaniel.rei.plugin.client.DefaultClientPlugin.registerEntries(DefaultClientPlugin.java:156) ~[RoughlyEnoughItems-16.0.729-fabric%20(1).jar:?]
	at me.shedaniel.rei.impl.common.entry.type.EntryRegistryImpl.acceptPlugin(EntryRegistryImpl.java:69) ~[RoughlyEnoughItems-16.0.729-fabric%20(1).jar:?]
	at me.shedaniel.rei.impl.common.entry.type.EntryRegistryImpl.acceptPlugin(EntryRegistryImpl.java:51) ~[RoughlyEnoughItems-16.0.729-fabric%20(1).jar:?]
	at me.shedaniel.rei.api.common.registry.Reloadable.acceptPlugin(Reloadable.java:78) ~[RoughlyEnoughItems-16.0.729-fabric%20(1).jar:?]
	at me.shedaniel.rei.impl.common.plugins.PluginManagerImpl.lambda$startReload$9(PluginManagerImpl.java:417) ~[RoughlyEnoughItems-16.0.729-fabric%20(1).jar:?]
	at me.shedaniel.rei.impl.common.plugins.PluginManagerImpl.lambda$pluginSection$4(PluginManagerImpl.java:199) ~[RoughlyEnoughItems-16.0.729-fabric%20(1).jar:?]
	at me.shedaniel.rei.impl.common.plugins.PluginManagerImpl.lambda$startReload$10(PluginManagerImpl.java:407) ~[RoughlyEnoughItems-16.0.729-fabric%20(1).jar:?]
	at me.shedaniel.rei.impl.common.plugins.PluginManagerImpl.pluginSection(PluginManagerImpl.java:197) ~[RoughlyEnoughItems-16.0.729-fabric%20(1).jar:?]
	at me.shedaniel.rei.impl.common.plugins.PluginManagerImpl.startReload(PluginManagerImpl.java:405) ~[RoughlyEnoughItems-16.0.729-fabric%20(1).jar:?]
	at me.shedaniel.rei.RoughlyEnoughItemsCore._reloadPlugins(RoughlyEnoughItemsCore.java:162) ~[RoughlyEnoughItems-16.0.729-fabric%20(1).jar:?]
	at me.shedaniel.rei.RoughlyEnoughItemsCoreClient.lambda$reloadPlugins$25(RoughlyEnoughItemsCoreClient.java:483) ~[RoughlyEnoughItems-16.0.729-fabric%20(1).jar:?]
	at java.base/java.util.concurrent.CompletableFuture$AsyncRun.run(CompletableFuture.java:1804) ~[?:?]
	at java.base/java.util.concurrent.Executors$RunnableAdapter.call(Executors.java:572) ~[?:?]
	at java.base/java.util.concurrent.FutureTask.run(FutureTask.java:317) ~[?:?]
	at java.base/java.util.concurrent.ScheduledThreadPoolExecutor$ScheduledFutureTask.run(ScheduledThreadPoolExecutor.java:304) ~[?:?]
	at java.base/java.util.concurrent.ThreadPoolExecutor.runWorker(ThreadPoolExecutor.java:1144) ~[?:?]
	at java.base/java.util.concurrent.ThreadPoolExecutor$Worker.run(ThreadPoolExecutor.java:642) ~[?:?]
	at java.base/java.lang.Thread.run(Thread.java:1583) [?:?]
[13:53:13] [REI-ReloadPlugins/INFO]: [REI] ========================================
[13:53:13] [REI-ReloadPlugins/INFO]: [REI] REIServerPlugin starting main-reload for START.
[13:53:13] [REI-ReloadPlugins/INFO]: [REI] Plugins (3):
[13:53:13] [REI-ReloadPlugins/INFO]: [REI]  - (-100,00) DefaultPlugin of DefaultPlugin [roughlyenoughitems]
[13:53:13] [REI-ReloadPlugins/INFO]: [REI]  - (0,00) FabricFluidAPISupportPlugin
[13:53:13] [REI-ReloadPlugins/INFO]: [REI]  - (0,00) DefaultRuntimePlugin of DefaultRuntimePlugin [roughlyenoughitems]
[13:53:13] [REI-ReloadPlugins/INFO]: [REI] ========================================
[13:53:13] [REI-ReloadPlugins/INFO]: [REI] REIPlugin finished post-reload for START in 1.755 ms, totaling 70.47 ms.
[13:53:13] [REI-ReloadPlugins/INFO]: [REI] REIClientPlugin finished post-reload for START in 1.782 ms, totaling 372.8 ms.
[13:53:13] [REI-ReloadPlugins/INFO]: [REI] REIServerPlugin finished post-reload for START in 609.7 μs, totaling 5.196 ms.
[13:53:13] [REI-ReloadPlugins/INFO]: [REI] OOOOOOOOOOOOOOOOOOOOOOOOOOOOOOOOOOOOOOOO
[13:53:13] [REI-ReloadPlugins/INFO]: [REI] REIPlugin starting main-reload for END.
[13:53:13] [REI-ReloadPlugins/INFO]: [REI] Plugins (6):
[13:53:13] [REI-ReloadPlugins/INFO]: [REI]  - (-100,00) DefaultClientPlugin of DefaultClientPlugin [roughlyenoughitems]
[13:53:13] [REI-ReloadPlugins/INFO]: [REI]  - (-100,00) DefaultPlugin of DefaultPlugin [roughlyenoughitems]
[13:53:13] [REI-ReloadPlugins/INFO]: [REI]  - (0,00) FabricFluidAPISupportPlugin
[13:53:13] [REI-ReloadPlugins/INFO]: [REI]  - (0,00) HideIngredientsFromTagsPlugin of HideIngredientsFromTagsPlugin [roughlyenoughitems]
[13:53:13] [REI-ReloadPlugins/INFO]: [REI]  - (0,00) DefaultClientRuntimePlugin of DefaultClientRuntimePlugin [roughlyenoughitems]
[13:53:13] [REI-ReloadPlugins/INFO]: [REI]  - (0,00) DefaultRuntimePlugin of DefaultRuntimePlugin [roughlyenoughitems]
[13:53:13] [REI-ReloadPlugins/INFO]: [REI] OOOOOOOOOOOOOOOOOOOOOOOOOOOOOOOOOOOOOOOO
[13:53:13] [REI-ReloadPlugins/INFO]: [REI] ########################################
[13:53:13] [REI-ReloadPlugins/INFO]: [REI] REIClientPlugin starting main-reload for END.
[13:53:13] [REI-ReloadPlugins/INFO]: [REI] Plugins (3):
[13:53:13] [REI-ReloadPlugins/INFO]: [REI]  - (-100,00) DefaultClientPlugin of DefaultClientPlugin [roughlyenoughitems]
[13:53:13] [REI-ReloadPlugins/INFO]: [REI]  - (0,00) HideIngredientsFromTagsPlugin of HideIngredientsFromTagsPlugin [roughlyenoughitems]
[13:53:13] [REI-ReloadPlugins/INFO]: [REI]  - (0,00) DefaultClientRuntimePlugin of DefaultClientRuntimePlugin [roughlyenoughitems]
[13:53:13] [REI-ReloadPlugins/INFO]: [REI] ########################################
[13:53:13] [Render thread/INFO]: [System] [CHAT] §eJourneyMap:§f Нажмите [§bО§f].
[13:53:13] [REI-ReloadPlugins/INFO]: [REI] ########################################
[13:53:13] [REI-ReloadPlugins/INFO]: [REI] REIServerPlugin starting main-reload for END.
[13:53:13] [REI-ReloadPlugins/INFO]: [REI] Plugins (3):
[13:53:13] [REI-ReloadPlugins/INFO]: [REI]  - (-100,00) DefaultPlugin of DefaultPlugin [roughlyenoughitems]
[13:53:13] [REI-ReloadPlugins/INFO]: [REI]  - (0,00) FabricFluidAPISupportPlugin
[13:53:13] [REI-ReloadPlugins/INFO]: [REI]  - (0,00) DefaultRuntimePlugin of DefaultRuntimePlugin [roughlyenoughitems]
[13:53:13] [REI-ReloadPlugins/INFO]: [REI] ########################################
[13:53:13] [REI-ReloadPlugins/INFO]: [REI] REIPlugin finished post-reload for END in 914.8 μs, totaling 55.71 ms.
[13:53:13] [REI-ReloadPlugins/INFO]: [REI] REIClientPlugin finished post-reload for END in 1.356 ms, totaling 747.5 ms.
[13:53:13] [REI-ReloadPlugins/INFO]: [REI] REIServerPlugin finished post-reload for END in 518.9 μs, totaling 8.063 ms.
[13:53:15] [Render thread/INFO]: Connecting to 45.93.200.19:18590
[13:53:16] [Render thread/INFO]: Device OpenAL Soft on Микрофон (Realtek High Definition Audio) initialized
[13:53:16] [Render thread/INFO]: Audio capture initialized
[13:53:16] [Al Output Device OpenAL Soft on Динамики (Realtek High Definition Audio)/INFO]: Device OpenAL Soft on Динамики (Realtek High Definition Audio) initialized
[13:53:16] [Render thread/INFO]: Connected to /45.93.200.19:18590
[13:53:19] [Render thread/INFO]: [System] [CHAT] Вы вошли на территорию игрока FiNik. Ознакомьтесь с правилами территории в канале #『🧭』координаты.
[13:53:19] [Render thread/INFO]: [System] [CHAT] Форт Centaura. Территория ограниченного доступа! Несанкционированное проникновение влечёт ответственность.
[13:53:19] [Render thread/INFO]: [System] [CHAT] (✔) Вы успешно авторизовались!
[13:53:19] [Render thread/INFO]: [System] [CHAT] Надоело вводить логин? Сохрани сессию на 72 часа с помощью команды /remember
[13:53:34] [Render thread/INFO]: [System] [CHAT] Вы покинули территорию игрока FiNik.
[13:54:32] [Render thread/INFO]: [System] [CHAT] LoBcTeP3 был взорван Крипер
[13:54:41] [Render thread/INFO]: [System] [CHAT] > FiNik покинул игру
[13:55:03] [Render thread/WARN]: Ignoring player info update for unknown player 7e325f90-3258-30c9-85fe-82911181405f ([UPDATE_DISPLAY_NAME])
[13:55:03] [Render thread/INFO]: [System] [CHAT] > FiNik присоединился к игре
[13:55:03] [Render thread/WARN]: Ignoring player info update for unknown player 7e325f90-3258-30c9-85fe-82911181405f ([UPDATE_DISPLAY_NAME])
[13:56:33] [Render thread/WARN]: Unable to play empty soundEvent: minecraft:entity.cod.ambient
[13:59:11] [Render thread/INFO]: Loaded 350 advancements
[13:59:32] [Render thread/WARN]: Unable to play empty soundEvent: minecraft:entity.salmon.ambient
[14:04:17] [Render thread/INFO]: [System] [CHAT] LoBcTeP3 взорвался
[14:04:29] [Render thread/INFO]: [System] [CHAT] ৒ deniskamt » типо 11 сентября?
[14:04:37] [Render thread/INFO]: [System] [CHAT] ৓ LoBcTeP3 » именно
[14:11:34] [Render thread/INFO]: Loaded 353 advancements
[14:11:46] [Netty Client IO #0/INFO]: Disconnecting from /45.93.200.19:18590 with reason DISCONNECT
[14:11:46] [Netty Client IO #0/INFO]: Device OpenAL Soft on Микрофон (Realtek High Definition Audio) closed
[14:11:46] [Voice Audio Capture/INFO]: Device OpenAL Soft on Микрофон (Realtek High Definition Audio) closed
[14:11:46] [Render thread/INFO]: Reloading ResourceManager: vanilla, fabric, cloth-config, fabric-api, fabric-api-base, fabric-api-lookup-api-v1, fabric-biome-api-v1, fabric-block-api-v1, fabric-block-view-api-v2, fabric-blockrenderlayer-v1, fabric-client-tags-api-v1, fabric-command-api-v1, fabric-command-api-v2, fabric-commands-v0, fabric-content-registries-v0, fabric-convention-tags-v1, fabric-convention-tags-v2, fabric-crash-report-info-v1, fabric-data-attachment-api-v1, fabric-data-generation-api-v1, fabric-dimensions-v1, fabric-entity-events-v1, fabric-events-interaction-v0, fabric-game-rule-api-v1, fabric-item-api-v1, fabric-item-group-api-v1, fabric-key-binding-api-v1, fabric-keybindings-v0, fabric-lifecycle-events-v1, fabric-loot-api-v2, fabric-message-api-v1, fabric-model-loading-api-v1, fabric-networking-api-v1, fabric-object-builder-api-v1, fabric-particles-v1, fabric-recipe-api-v1, fabric-registry-sync-v0, fabric-renderer-api-v1, fabric-renderer-indigo, fabric-renderer-registries-v1, fabric-rendering-data-attachment-v1, fabric-rendering-fluids-v1, fabric-rendering-v0, fabric-rendering-v1, fabric-resource-conditions-api-v1, fabric-resource-loader-v0, fabric-screen-api-v1, fabric-screen-handler-api-v1, fabric-sound-api-v1, fabric-transfer-api-v1, fabric-transitive-access-wideners-v1, fabricloader, journeymap, plasmovoice, roughlyenoughitems, file/BetterVanillaBuildingV2.98.1.zip
[14:11:46] [Al Output Device OpenAL Soft on Динамики (Realtek High Definition Audio)/INFO]: Device OpenAL Soft on Динамики (Realtek High Definition Audio) closed
[14:11:46] [Worker-Main-7/INFO]: Found unifont_jp_patch-15.1.05.hex, loading
[14:11:46] [Worker-Main-6/WARN]: Invalid path in datapack: minecraft:textures/item/diamond_horse_armor - kopie.png, ignoring
[14:11:46] [Worker-Main-3/INFO]: Found unifont_all_no_pua-15.1.05.hex, loading
[14:11:46] [Worker-Main-2/WARN]: Texture minecraft:entity/shield/straight_cross with size 129x129 limits mip level from 4 to 0
[14:11:46] [Worker-Main-2/WARN]: minecraft:textures/atlas/shield_patterns.png: dropping miplevel from 4 to 0, because of minimum power of two: 1
[14:11:46] [Worker-Main-6/WARN]: Invalid frame index on sprite minecraft:block/dragon_egg frame 7: 7
[14:11:46] [Worker-Main-6/WARN]: Invalid frame index on sprite minecraft:block/dragon_egg frame 8: 8
[14:11:46] [Worker-Main-6/WARN]: Invalid frame index on sprite minecraft:block/dragon_egg frame 9: 9
[14:11:46] [Render thread/WARN]: Missing sound for event: minecraft:item.goat_horn.play
[14:11:46] [Render thread/WARN]: Missing sound for event: minecraft:entity.goat.screaming.horn_break
[14:11:46] [Render thread/INFO]: OpenAL initialized on device OpenAL Soft on Динамики (Realtek High Definition Audio)
[14:11:46] [Render thread/INFO]: Sound engine started
[14:11:47] [Render thread/INFO]: Created: 1024x1024x4 minecraft:textures/atlas/blocks.png-atlas
[14:11:47] [Render thread/INFO]: Created: 256x256x4 minecraft:textures/atlas/signs.png-atlas
[14:11:47] [Render thread/INFO]: Created: 1024x1024x0 minecraft:textures/atlas/shield_patterns.png-atlas
[14:11:47] [Render thread/INFO]: Created: 512x512x4 minecraft:textures/atlas/banner_patterns.png-atlas
[14:11:47] [Render thread/INFO]: Created: 1024x1024x4 minecraft:textures/atlas/armor_trims.png-atlas
[14:11:47] [Render thread/INFO]: Created: 128x64x4 minecraft:textures/atlas/decorated_pot.png-atlas
[14:11:47] [Render thread/INFO]: Created: 256x256x4 minecraft:textures/atlas/chest.png-atlas
[14:11:47] [Render thread/INFO]: Created: 512x256x4 minecraft:textures/atlas/shulker_boxes.png-atlas
[14:11:47] [Render thread/INFO]: Created: 512x256x4 minecraft:textures/atlas/beds.png-atlas
[14:11:47] [Render thread/INFO]: Created: 512x512x0 minecraft:textures/atlas/particles.png-atlas
[14:11:47] [Render thread/INFO]: Created: 512x256x0 minecraft:textures/atlas/paintings.png-atlas
[14:11:47] [Render thread/INFO]: Created: 256x128x0 minecraft:textures/atlas/mob_effects.png-atlas
[14:11:47] [Render thread/INFO]: Created: 64x64x0 minecraft:textures/atlas/map_decorations.png-atlas
[14:11:47] [Render thread/INFO]: Created: 1024x512x0 minecraft:textures/atlas/gui.png-atlas
[14:11:47] [Render thread/WARN]: Shader sepia_1 could not find uniform named ColorModulator in the specified shader program.
[14:11:47] [Render thread/WARN]: Shader sepia_2 could not find uniform named ColorModulator in the specified shader program.
[14:11:47] [Render thread/WARN]: Shader sepia_3 could not find uniform named ColorModulator in the specified shader program.
[14:11:47] [Render thread/WARN]: Shader rendertype_entity_translucent_emissive could not find sampler named Sampler2 in the specified shader program.
[14:15:35] [Render thread/INFO]: Connecting to minecraft.serenity-project.ru, 25565
[14:15:51] [Render thread/INFO]: Reloading ResourceManager: vanilla, fabric, cloth-config, fabric-api, fabric-api-base, fabric-api-lookup-api-v1, fabric-biome-api-v1, fabric-block-api-v1, fabric-block-view-api-v2, fabric-blockrenderlayer-v1, fabric-client-tags-api-v1, fabric-command-api-v1, fabric-command-api-v2, fabric-commands-v0, fabric-content-registries-v0, fabric-convention-tags-v1, fabric-convention-tags-v2, fabric-crash-report-info-v1, fabric-data-attachment-api-v1, fabric-data-generation-api-v1, fabric-dimensions-v1, fabric-entity-events-v1, fabric-events-interaction-v0, fabric-game-rule-api-v1, fabric-item-api-v1, fabric-item-group-api-v1, fabric-key-binding-api-v1, fabric-keybindings-v0, fabric-lifecycle-events-v1, fabric-loot-api-v2, fabric-message-api-v1, fabric-model-loading-api-v1, fabric-networking-api-v1, fabric-object-builder-api-v1, fabric-particles-v1, fabric-recipe-api-v1, fabric-registry-sync-v0, fabric-renderer-api-v1, fabric-renderer-indigo, fabric-renderer-registries-v1, fabric-rendering-data-attachment-v1, fabric-rendering-fluids-v1, fabric-rendering-v0, fabric-rendering-v1, fabric-resource-conditions-api-v1, fabric-resource-loader-v0, fabric-screen-api-v1, fabric-screen-handler-api-v1, fabric-sound-api-v1, fabric-transfer-api-v1, fabric-transitive-access-wideners-v1, fabricloader, journeymap, plasmovoice, roughlyenoughitems, file/BetterVanillaBuildingV2.98.1.zip, server/00000001/f027f2bc-962c-34ea-8111-e98b002c5d47
[14:15:51] [Worker-Main-2/INFO]: Found unifont_all_no_pua-15.1.05.hex, loading
[14:15:51] [Worker-Main-11/INFO]: Found unifont_jp_patch-15.1.05.hex, loading
[14:15:51] [Worker-Main-11/WARN]: Texture minecraft:entity/shield/straight_cross with size 129x129 limits mip level from 4 to 0
[14:15:51] [Worker-Main-11/WARN]: minecraft:textures/atlas/shield_patterns.png: dropping miplevel from 4 to 0, because of minimum power of two: 1
[14:15:51] [Worker-Main-9/WARN]: Invalid path in datapack: minecraft:textures/item/diamond_horse_armor - kopie.png, ignoring
[14:15:52] [Worker-Main-9/WARN]: Invalid frame index on sprite minecraft:block/dragon_egg frame 7: 7
[14:15:52] [Worker-Main-9/WARN]: Invalid frame index on sprite minecraft:block/dragon_egg frame 8: 8
[14:15:52] [Worker-Main-9/WARN]: Invalid frame index on sprite minecraft:block/dragon_egg frame 9: 9
[14:15:52] [Render thread/WARN]: Missing sound for event: minecraft:item.goat_horn.play
[14:15:52] [Render thread/WARN]: Missing sound for event: minecraft:entity.goat.screaming.horn_break
[14:15:52] [Render thread/INFO]: OpenAL initialized on device OpenAL Soft on Динамики (Realtek High Definition Audio)
[14:15:52] [Render thread/INFO]: Sound engine started
[14:15:52] [Render thread/INFO]: Created: 1024x1024x4 minecraft:textures/atlas/blocks.png-atlas
[14:15:52] [Render thread/INFO]: Created: 256x256x4 minecraft:textures/atlas/signs.png-atlas
[14:15:52] [Render thread/INFO]: Created: 1024x1024x0 minecraft:textures/atlas/shield_patterns.png-atlas
[14:15:52] [Render thread/INFO]: Created: 512x512x4 minecraft:textures/atlas/banner_patterns.png-atlas
[14:15:52] [Render thread/INFO]: Created: 1024x1024x4 minecraft:textures/atlas/armor_trims.png-atlas
[14:15:52] [Render thread/INFO]: Created: 128x64x4 minecraft:textures/atlas/decorated_pot.png-atlas
[14:15:52] [Render thread/INFO]: Created: 256x256x4 minecraft:textures/atlas/chest.png-atlas
[14:15:52] [Render thread/INFO]: Created: 512x256x4 minecraft:textures/atlas/shulker_boxes.png-atlas
[14:15:52] [Render thread/INFO]: Created: 512x256x4 minecraft:textures/atlas/beds.png-atlas
[14:15:52] [Render thread/INFO]: Created: 512x512x0 minecraft:textures/atlas/particles.png-atlas
[14:15:52] [Render thread/INFO]: Created: 512x256x0 minecraft:textures/atlas/paintings.png-atlas
[14:15:52] [Render thread/INFO]: Created: 256x128x0 minecraft:textures/atlas/mob_effects.png-atlas
[14:15:52] [Render thread/INFO]: Created: 64x64x0 minecraft:textures/atlas/map_decorations.png-atlas
[14:15:52] [Render thread/INFO]: Created: 1024x512x0 minecraft:textures/atlas/gui.png-atlas
[14:15:52] [Render thread/WARN]: Shader sepia_1 could not find uniform named ColorModulator in the specified shader program.
[14:15:52] [Render thread/WARN]: Shader sepia_2 could not find uniform named ColorModulator in the specified shader program.
[14:15:52] [Render thread/WARN]: Shader sepia_3 could not find uniform named ColorModulator in the specified shader program.
[14:15:52] [Render thread/WARN]: Shader rendertype_entity_translucent_emissive could not find sampler named Sampler2 in the specified shader program.
[14:15:53] [REI-ReloadPlugins/INFO]: [REI] %%%%%%%%%%%%%%%%%%%%%%%%%%%%%%%%%%%%%%%%
[14:15:53] [REI-ReloadPlugins/INFO]: [REI] REIPlugin starting main-reload for START.
[14:15:53] [REI-ReloadPlugins/INFO]: [REI] Plugins (6):
[14:15:53] [REI-ReloadPlugins/INFO]: [REI]  - (-100,00) DefaultClientPlugin of DefaultClientPlugin [roughlyenoughitems]
[14:15:53] [REI-ReloadPlugins/INFO]: [REI]  - (-100,00) DefaultPlugin of DefaultPlugin [roughlyenoughitems]
[14:15:53] [REI-ReloadPlugins/INFO]: [REI]  - (0,00) FabricFluidAPISupportPlugin
[14:15:53] [REI-ReloadPlugins/INFO]: [REI]  - (0,00) HideIngredientsFromTagsPlugin of HideIngredientsFromTagsPlugin [roughlyenoughitems]
[14:15:53] [REI-ReloadPlugins/INFO]: [REI]  - (0,00) DefaultClientRuntimePlugin of DefaultClientRuntimePlugin [roughlyenoughitems]
[14:15:53] [REI-ReloadPlugins/INFO]: [REI]  - (0,00) DefaultRuntimePlugin of DefaultRuntimePlugin [roughlyenoughitems]
[14:15:53] [REI-ReloadPlugins/INFO]: [REI] %%%%%%%%%%%%%%%%%%%%%%%%%%%%%%%%%%%%%%%%
[14:15:53] [REI-ReloadPlugins/INFO]: [REI] @@@@@@@@@@@@@@@@@@@@@@@@@@@@@@@@@@@@@@@@
[14:15:53] [REI-ReloadPlugins/INFO]: [REI] REIClientPlugin starting main-reload for START.
[14:15:53] [REI-ReloadPlugins/INFO]: [REI] Plugins (3):
[14:15:53] [REI-ReloadPlugins/INFO]: [REI]  - (-100,00) DefaultClientPlugin of DefaultClientPlugin [roughlyenoughitems]
[14:15:53] [REI-ReloadPlugins/INFO]: [REI]  - (0,00) HideIngredientsFromTagsPlugin of HideIngredientsFromTagsPlugin [roughlyenoughitems]
[14:15:53] [REI-ReloadPlugins/INFO]: [REI]  - (0,00) DefaultClientRuntimePlugin of DefaultClientRuntimePlugin [roughlyenoughitems]
[14:15:53] [REI-ReloadPlugins/INFO]: [REI] @@@@@@@@@@@@@@@@@@@@@@@@@@@@@@@@@@@@@@@@
[14:15:53] [REI-ReloadPlugins/ERROR]: [REI] Failed to collect creative tab: net.minecraft.class_1761@41cf5cc1
java.lang.IllegalStateException: Registry minecraft:banner_pattern not found
	at net.minecraft.class_7225$class_7874.method_46763(class_7225.java:107) ~[client-intermediary.jar:?]
	at java.base/java.util.Optional.orElseThrow(Optional.java:403) ~[?:?]
	at net.minecraft.class_7225$class_7874.method_46762(class_7225.java:107) ~[client-intermediary.jar:?]
	at net.minecraft.class_7706.method_51332(class_7706.java:1266) ~[client-intermediary.jar:?]
	at me.shedaniel.rei.impl.client.fabric.CreativeModeTabCollectorImpl.collectTabs(CreativeModeTabCollectorImpl.java:56) ~[RoughlyEnoughItems-16.0.729-fabric%20(1).jar:?]
	at java.base/jdk.internal.reflect.DirectMethodHandleAccessor.invoke(DirectMethodHandleAccessor.java:103) ~[?:?]
	at java.base/java.lang.reflect.Method.invoke(Method.java:580) ~[?:?]
	at me.shedaniel.rei.plugin.client.DefaultClientPlugin.collectTabs(DefaultClientPlugin.java:195) ~[RoughlyEnoughItems-16.0.729-fabric%20(1).jar:?]
	at me.shedaniel.rei.plugin.client.DefaultClientPlugin.registerEntries(DefaultClientPlugin.java:156) ~[RoughlyEnoughItems-16.0.729-fabric%20(1).jar:?]
	at me.shedaniel.rei.impl.common.entry.type.EntryRegistryImpl.acceptPlugin(EntryRegistryImpl.java:69) ~[RoughlyEnoughItems-16.0.729-fabric%20(1).jar:?]
	at me.shedaniel.rei.impl.common.entry.type.EntryRegistryImpl.acceptPlugin(EntryRegistryImpl.java:51) ~[RoughlyEnoughItems-16.0.729-fabric%20(1).jar:?]
	at me.shedaniel.rei.api.common.registry.Reloadable.acceptPlugin(Reloadable.java:78) ~[RoughlyEnoughItems-16.0.729-fabric%20(1).jar:?]
	at me.shedaniel.rei.impl.common.plugins.PluginManagerImpl.lambda$startReload$9(PluginManagerImpl.java:417) ~[RoughlyEnoughItems-16.0.729-fabric%20(1).jar:?]
	at me.shedaniel.rei.impl.common.plugins.PluginManagerImpl.lambda$pluginSection$4(PluginManagerImpl.java:199) ~[RoughlyEnoughItems-16.0.729-fabric%20(1).jar:?]
	at me.shedaniel.rei.impl.common.plugins.PluginManagerImpl.lambda$startReload$10(PluginManagerImpl.java:407) ~[RoughlyEnoughItems-16.0.729-fabric%20(1).jar:?]
	at me.shedaniel.rei.impl.common.plugins.PluginManagerImpl.pluginSection(PluginManagerImpl.java:197) ~[RoughlyEnoughItems-16.0.729-fabric%20(1).jar:?]
	at me.shedaniel.rei.impl.common.plugins.PluginManagerImpl.startReload(PluginManagerImpl.java:405) ~[RoughlyEnoughItems-16.0.729-fabric%20(1).jar:?]
	at me.shedaniel.rei.RoughlyEnoughItemsCore._reloadPlugins(RoughlyEnoughItemsCore.java:162) ~[RoughlyEnoughItems-16.0.729-fabric%20(1).jar:?]
	at me.shedaniel.rei.RoughlyEnoughItemsCoreClient.lambda$reloadPlugins$25(RoughlyEnoughItemsCoreClient.java:483) ~[RoughlyEnoughItems-16.0.729-fabric%20(1).jar:?]
	at java.base/java.util.concurrent.CompletableFuture$AsyncRun.run(CompletableFuture.java:1804) ~[?:?]
	at java.base/java.util.concurrent.Executors$RunnableAdapter.call(Executors.java:572) ~[?:?]
	at java.base/java.util.concurrent.FutureTask.run(FutureTask.java:317) ~[?:?]
	at java.base/java.util.concurrent.ScheduledThreadPoolExecutor$ScheduledFutureTask.run(ScheduledThreadPoolExecutor.java:304) ~[?:?]
	at java.base/java.util.concurrent.ThreadPoolExecutor.runWorker(ThreadPoolExecutor.java:1144) ~[?:?]
	at java.base/java.util.concurrent.ThreadPoolExecutor$Worker.run(ThreadPoolExecutor.java:642) ~[?:?]
	at java.base/java.lang.Thread.run(Thread.java:1583) [?:?]
[14:15:53] [Render thread/WARN]: [REI] Suppressing Reload Plugins of stage START
[14:15:53] [Render thread/WARN]: Ignoring player info update for unknown player 8918d9dc-9f3a-3558-9782-8919b0ba96c8 ([UPDATE_DISPLAY_NAME])
[14:15:53] [Render thread/WARN]: Ignoring player info update for unknown player 8918d9dc-9f3a-3558-9782-8919b0ba96c8 ([UPDATE_DISPLAY_NAME])
[14:15:53] [Render thread/WARN]: Ignoring player info update for unknown player 870b435f-bab7-342a-b9ab-7a83008dca6e ([UPDATE_DISPLAY_NAME])
[14:15:53] [Render thread/WARN]: Ignoring player info update for unknown player 381edd18-238c-3b61-bffd-375395800c86 ([UPDATE_DISPLAY_NAME])
[14:15:53] [Render thread/WARN]: Ignoring player info update for unknown player 580340bc-7a13-30f2-b04f-e26fb4def55c ([UPDATE_DISPLAY_NAME])
[14:15:53] [Render thread/WARN]: Ignoring player info update for unknown player 8918d9dc-9f3a-3558-9782-8919b0ba96c8 ([UPDATE_DISPLAY_NAME])
[14:15:53] [Render thread/INFO]: [System] [CHAT] > RelizTehZon присоединился к игре
[14:15:53] [Render thread/INFO]: [System] [CHAT] (!) Авторизуйтесь, используя /login [пароль] 
[14:15:53] [Render thread/INFO]: Loaded 353 advancements
[14:15:53] [REI-ReloadPlugins/INFO]: [REI] ++++++++++++++++++++++++++++++++++++++++
[14:15:53] [REI-ReloadPlugins/INFO]: [REI] REIServerPlugin starting main-reload for START.
[14:15:53] [REI-ReloadPlugins/INFO]: [REI] Plugins (3):
[14:15:53] [REI-ReloadPlugins/INFO]: [REI]  - (-100,00) DefaultPlugin of DefaultPlugin [roughlyenoughitems]
[14:15:53] [REI-ReloadPlugins/INFO]: [REI]  - (0,00) FabricFluidAPISupportPlugin
[14:15:53] [REI-ReloadPlugins/INFO]: [REI]  - (0,00) DefaultRuntimePlugin of DefaultRuntimePlugin [roughlyenoughitems]
[14:15:53] [REI-ReloadPlugins/INFO]: [REI] ++++++++++++++++++++++++++++++++++++++++
[14:15:53] [REI-ReloadPlugins/INFO]: [REI] REIPlugin finished post-reload for START in 757.9 μs, totaling 6.178 ms.
[14:15:53] [REI-ReloadPlugins/INFO]: [REI] REIClientPlugin finished post-reload for START in 949.5 μs, totaling 121.8 ms.
[14:15:53] [REI-ReloadPlugins/INFO]: [REI] REIServerPlugin finished post-reload for START in 286.6 μs, totaling 2.751 ms.
[14:15:53] [REI-ReloadPlugins/INFO]: [REI] ~~~~~~~~~~~~~~~~~~~~~~~~~~~~~~~~~~~~~~~~
[14:15:53] [REI-ReloadPlugins/INFO]: [REI] REIPlugin starting main-reload for END.
[14:15:53] [REI-ReloadPlugins/INFO]: [REI] Plugins (6):
[14:15:53] [REI-ReloadPlugins/INFO]: [REI]  - (-100,00) DefaultClientPlugin of DefaultClientPlugin [roughlyenoughitems]
[14:15:53] [REI-ReloadPlugins/INFO]: [REI]  - (-100,00) DefaultPlugin of DefaultPlugin [roughlyenoughitems]
[14:15:53] [REI-ReloadPlugins/INFO]: [REI]  - (0,00) FabricFluidAPISupportPlugin
[14:15:53] [REI-ReloadPlugins/INFO]: [REI]  - (0,00) HideIngredientsFromTagsPlugin of HideIngredientsFromTagsPlugin [roughlyenoughitems]
[14:15:53] [REI-ReloadPlugins/INFO]: [REI]  - (0,00) DefaultClientRuntimePlugin of DefaultClientRuntimePlugin [roughlyenoughitems]
[14:15:53] [REI-ReloadPlugins/INFO]: [REI]  - (0,00) DefaultRuntimePlugin of DefaultRuntimePlugin [roughlyenoughitems]
[14:15:53] [REI-ReloadPlugins/INFO]: [REI] ~~~~~~~~~~~~~~~~~~~~~~~~~~~~~~~~~~~~~~~~
[14:15:53] [REI-ReloadPlugins/INFO]: [REI] OOOOOOOOOOOOOOOOOOOOOOOOOOOOOOOOOOOOOOOO
[14:15:53] [REI-ReloadPlugins/INFO]: [REI] REIClientPlugin starting main-reload for END.
[14:15:53] [REI-ReloadPlugins/INFO]: [REI] Plugins (3):
[14:15:53] [REI-ReloadPlugins/INFO]: [REI]  - (-100,00) DefaultClientPlugin of DefaultClientPlugin [roughlyenoughitems]
[14:15:53] [REI-ReloadPlugins/INFO]: [REI]  - (0,00) HideIngredientsFromTagsPlugin of HideIngredientsFromTagsPlugin [roughlyenoughitems]
[14:15:53] [REI-ReloadPlugins/INFO]: [REI]  - (0,00) DefaultClientRuntimePlugin of DefaultClientRuntimePlugin [roughlyenoughitems]
[14:15:53] [REI-ReloadPlugins/INFO]: [REI] OOOOOOOOOOOOOOOOOOOOOOOOOOOOOOOOOOOOOOOO
[14:15:53] [REI-ReloadPlugins/INFO]: [REI] ========================================
[14:15:53] [REI-ReloadPlugins/INFO]: [REI] REIServerPlugin starting main-reload for END.
[14:15:53] [REI-ReloadPlugins/INFO]: [REI] Plugins (3):
[14:15:53] [REI-ReloadPlugins/INFO]: [REI]  - (-100,00) DefaultPlugin of DefaultPlugin [roughlyenoughitems]
[14:15:53] [REI-ReloadPlugins/INFO]: [REI]  - (0,00) FabricFluidAPISupportPlugin
[14:15:53] [REI-ReloadPlugins/INFO]: [REI]  - (0,00) DefaultRuntimePlugin of DefaultRuntimePlugin [roughlyenoughitems]
[14:15:53] [REI-ReloadPlugins/INFO]: [REI] ========================================
[14:15:53] [REI-ReloadPlugins/INFO]: [REI] REIPlugin finished post-reload for END in 374.0 μs, totaling 5.601 ms.
[14:15:53] [REI-ReloadPlugins/INFO]: [REI] REIClientPlugin finished post-reload for END in 778.0 μs, totaling 191.6 ms.
[14:15:53] [REI-ReloadPlugins/INFO]: [REI] REIServerPlugin finished post-reload for END in 270.3 μs, totaling 2.364 ms.
[14:15:54] [Render thread/INFO]: Connecting to 45.93.200.19:18590
[14:15:55] [Render thread/INFO]: Device OpenAL Soft on Микрофон (Realtek High Definition Audio) initialized
[14:15:55] [Render thread/INFO]: Audio capture initialized
[14:15:55] [Al Output Device OpenAL Soft on Динамики (Realtek High Definition Audio)/INFO]: Device OpenAL Soft on Динамики (Realtek High Definition Audio) initialized
[14:15:55] [Render thread/INFO]: Connected to /45.93.200.19:18590
[14:16:03] [Render thread/INFO]: [System] [CHAT] (!) Авторизуйтесь, используя /login [пароль] 
[14:16:06] [Render thread/INFO]: [System] [CHAT] (✔) Вы успешно авторизовались!
[14:16:06] [Render thread/INFO]: [System] [CHAT] Надоело вводить логин? Сохрани сессию на 72 часа с помощью команды /remember
[14:16:52] [Render thread/WARN]: Unable to play empty soundEvent: minecraft:entity.cod.ambient
[14:17:37] [Render thread/WARN]: Ignoring player info update for unknown player eb3f7a77-d27d-3e6f-90b7-bd63123e7359 ([UPDATE_DISPLAY_NAME])
[14:17:37] [Render thread/WARN]: Ignoring player info update for unknown player eb3f7a77-d27d-3e6f-90b7-bd63123e7359 ([UPDATE_DISPLAY_NAME])
[14:17:37] [Render thread/INFO]: [System] [CHAT] > Dr_Deleted присоединился к игре
[14:19:41] [Render thread/INFO]: [System] [CHAT] > CtacLy покинул игру
[14:22:03] [Render thread/INFO]: [System] [CHAT] Вы вошли на территорию игрока FiNik. Ознакомьтесь с правилами территории в канале #『🧭』координаты.
[14:22:03] [Render thread/INFO]: [System] [CHAT] Форт Centaura. Территория ограниченного доступа! Несанкционированное проникновение влечёт ответственность.
[14:22:14] [Netty Client IO #6/INFO]: Disconnecting from /45.93.200.19:18590 with reason DISCONNECT
[14:22:14] [Netty Client IO #6/INFO]: Device OpenAL Soft on Микрофон (Realtek High Definition Audio) closed
[14:22:14] [Voice Audio Capture/INFO]: Device OpenAL Soft on Микрофон (Realtek High Definition Audio) closed
[14:22:14] [Render thread/INFO]: Reloading ResourceManager: vanilla, fabric, cloth-config, fabric-api, fabric-api-base, fabric-api-lookup-api-v1, fabric-biome-api-v1, fabric-block-api-v1, fabric-block-view-api-v2, fabric-blockrenderlayer-v1, fabric-client-tags-api-v1, fabric-command-api-v1, fabric-command-api-v2, fabric-commands-v0, fabric-content-registries-v0, fabric-convention-tags-v1, fabric-convention-tags-v2, fabric-crash-report-info-v1, fabric-data-attachment-api-v1, fabric-data-generation-api-v1, fabric-dimensions-v1, fabric-entity-events-v1, fabric-events-interaction-v0, fabric-game-rule-api-v1, fabric-item-api-v1, fabric-item-group-api-v1, fabric-key-binding-api-v1, fabric-keybindings-v0, fabric-lifecycle-events-v1, fabric-loot-api-v2, fabric-message-api-v1, fabric-model-loading-api-v1, fabric-networking-api-v1, fabric-object-builder-api-v1, fabric-particles-v1, fabric-recipe-api-v1, fabric-registry-sync-v0, fabric-renderer-api-v1, fabric-renderer-indigo, fabric-renderer-registries-v1, fabric-rendering-data-attachment-v1, fabric-rendering-fluids-v1, fabric-rendering-v0, fabric-rendering-v1, fabric-resource-conditions-api-v1, fabric-resource-loader-v0, fabric-screen-api-v1, fabric-screen-handler-api-v1, fabric-sound-api-v1, fabric-transfer-api-v1, fabric-transitive-access-wideners-v1, fabricloader, journeymap, plasmovoice, roughlyenoughitems, file/BetterVanillaBuildingV2.98.1.zip
[14:22:14] [Al Output Device OpenAL Soft on Динамики (Realtek High Definition Audio)/INFO]: Device OpenAL Soft on Динамики (Realtek High Definition Audio) closed
[14:22:14] [Worker-Main-2/INFO]: Found unifont_all_no_pua-15.1.05.hex, loading
[14:22:14] [Worker-Main-11/WARN]: Texture minecraft:entity/shield/straight_cross with size 129x129 limits mip level from 4 to 0
[14:22:14] [Worker-Main-11/WARN]: minecraft:textures/atlas/shield_patterns.png: dropping miplevel from 4 to 0, because of minimum power of two: 1
[14:22:14] [Worker-Main-9/WARN]: Invalid path in datapack: minecraft:textures/item/diamond_horse_armor - kopie.png, ignoring
[14:22:14] [Worker-Main-2/INFO]: Found unifont_jp_patch-15.1.05.hex, loading
[14:22:14] [Worker-Main-9/WARN]: Invalid frame index on sprite minecraft:block/dragon_egg frame 7: 7
[14:22:14] [Worker-Main-9/WARN]: Invalid frame index on sprite minecraft:block/dragon_egg frame 8: 8
[14:22:14] [Worker-Main-9/WARN]: Invalid frame index on sprite minecraft:block/dragon_egg frame 9: 9
[14:22:15] [Render thread/WARN]: Missing sound for event: minecraft:item.goat_horn.play
[14:22:15] [Render thread/WARN]: Missing sound for event: minecraft:entity.goat.screaming.horn_break
[14:22:15] [Render thread/INFO]: OpenAL initialized on device OpenAL Soft on Динамики (Realtek High Definition Audio)
[14:22:15] [Render thread/INFO]: Sound engine started
[14:22:15] [Render thread/INFO]: Created: 1024x1024x4 minecraft:textures/atlas/blocks.png-atlas
[14:22:15] [Render thread/INFO]: Created: 256x256x4 minecraft:textures/atlas/signs.png-atlas
[14:22:15] [Render thread/INFO]: Created: 1024x1024x0 minecraft:textures/atlas/shield_patterns.png-atlas
[14:22:15] [Render thread/INFO]: Created: 512x512x4 minecraft:textures/atlas/banner_patterns.png-atlas
[14:22:15] [Render thread/INFO]: Created: 1024x1024x4 minecraft:textures/atlas/armor_trims.png-atlas
[14:22:15] [Render thread/INFO]: Created: 128x64x4 minecraft:textures/atlas/decorated_pot.png-atlas
[14:22:15] [Render thread/INFO]: Created: 256x256x4 minecraft:textures/atlas/chest.png-atlas
[14:22:15] [Render thread/INFO]: Created: 512x256x4 minecraft:textures/atlas/shulker_boxes.png-atlas
[14:22:15] [Render thread/INFO]: Created: 512x256x4 minecraft:textures/atlas/beds.png-atlas
[14:22:15] [Render thread/INFO]: Created: 512x512x0 minecraft:textures/atlas/particles.png-atlas
[14:22:15] [Render thread/INFO]: Created: 512x256x0 minecraft:textures/atlas/paintings.png-atlas
[14:22:15] [Render thread/INFO]: Created: 256x128x0 minecraft:textures/atlas/mob_effects.png-atlas
[14:22:15] [Render thread/INFO]: Created: 64x64x0 minecraft:textures/atlas/map_decorations.png-atlas
[14:22:15] [Render thread/INFO]: Created: 1024x512x0 minecraft:textures/atlas/gui.png-atlas
[14:22:15] [Render thread/WARN]: Shader sepia_1 could not find uniform named ColorModulator in the specified shader program.
[14:22:15] [Render thread/WARN]: Shader sepia_2 could not find uniform named ColorModulator in the specified shader program.
[14:22:15] [Render thread/WARN]: Shader sepia_3 could not find uniform named ColorModulator in the specified shader program.
[14:22:15] [Render thread/WARN]: Shader rendertype_entity_translucent_emissive could not find sampler named Sampler2 in the specified shader program.
[14:23:43] [Render thread/INFO]: Stopping!
[14:23:43] [Render thread/INFO]: Shutting down
