[13:52:39] [Render thread/INFO] [JMLogger] JourneyMap log initialized.
[13:52:39] [Render thread/INFO] [JourneymapClient] initialize ENTER
[13:52:39] [Render thread/INFO] [ClientAPI] [ClientAPI] built with JourneyMap API 2.0.0-SNAPSHOT
[13:52:39] [Render thread/INFO] [PluginHelper] Initializing plugins with Client API: journeymap.api.client.impl.ClientAPI
[13:52:40] [Render thread/INFO] [PropertiesBase] core (FirstLoaded) Setting config file to version "6.0.0-beta.7": journeymap.core.config
[13:52:40] [Render thread/INFO] [PropertiesBase] core (Valid) Creating config file: C:\Users\galki\AppData\Roaming\.tlauncher\legacy\Minecraft\game\journeymap\config\6.0\journeymap.core.config
[13:52:40] [Render thread/INFO] [PropertiesBase] fullmap (FirstLoaded) Setting config file to version "6.0.0-beta.7": journeymap.fullmap.config
[13:52:40] [Render thread/INFO] [PropertiesBase] fullmap (Valid) Creating config file: C:\Users\galki\AppData\Roaming\.tlauncher\legacy\Minecraft\game\journeymap\config\6.0\journeymap.fullmap.config
[13:52:40] [Render thread/INFO] [PropertiesBase] minimap (Initialized) Setting config file to version "6.0.0-beta.7": journeymap.minimap.config
[13:52:40] [Render thread/INFO] [PropertiesBase] minimap (Valid) Creating config file: C:\Users\galki\AppData\Roaming\.tlauncher\legacy\Minecraft\game\journeymap\config\6.0\journeymap.minimap.config
[13:52:40] [Render thread/INFO] [PropertiesBase] minimap2 (FirstLoaded) Setting config file to version "6.0.0-beta.7": journeymap.minimap2.config
[13:52:40] [Render thread/INFO] [PropertiesBase] minimap2 (Valid) Creating config file: C:\Users\galki\AppData\Roaming\.tlauncher\legacy\Minecraft\game\journeymap\config\6.0\journeymap.minimap2.config
[13:52:40] [Render thread/INFO] [PropertiesBase] topo (FirstLoaded) Setting config file to version "6.0.0-beta.7": journeymap.topo.config
[13:52:40] [Render thread/INFO] [PropertiesBase] topo (Valid) Creating config file: C:\Users\galki\AppData\Roaming\.tlauncher\legacy\Minecraft\game\journeymap\config\6.0\journeymap.topo.config
[13:52:40] [Render thread/INFO] [PropertiesBase] webmap (FirstLoaded) Setting config file to version "6.0.0-beta.7": journeymap.webmap.config
[13:52:40] [Render thread/INFO] [PropertiesBase] webmap (Valid) Creating config file: C:\Users\galki\AppData\Roaming\.tlauncher\legacy\Minecraft\game\journeymap\config\6.0\journeymap.webmap.config
[13:52:40] [Render thread/INFO] [PropertiesBase] waypoint (FirstLoaded) Setting config file to version "6.0.0-beta.7": journeymap.waypoint.config
[13:52:40] [Render thread/INFO] [PropertiesBase] waypoint (Valid) Creating config file: C:\Users\galki\AppData\Roaming\.tlauncher\legacy\Minecraft\game\journeymap\config\6.0\journeymap.waypoint.config
[13:52:40] [Render thread/INFO] [?] Version: JourneyMap 1.21-6.0.0-beta.7, built with fabric 0.100.1+1.21
fabric: 0.15.11
Environment: os.name, os.arch, java.version, user.country, user.language=null, game language=ru_ru, locale=ru_ru
Features: 
	RadarPlayers : singleplayer = true , multiplayer = true
	RadarAnimals : singleplayer = true , multiplayer = true
	RadarMobs : singleplayer = true , multiplayer = true
	RadarVillagers : singleplayer = true , multiplayer = true
	MapTopo : singleplayer = true , multiplayer = true
	MapSurface : singleplayer = true , multiplayer = true
	MapCaves : singleplayer = true , multiplayer = true
	MapBiome : singleplayer = true , multiplayer = true
MiniMapProperties{state=SavedOk, file=journeymap.minimap.config, configVersion=6.0.0-beta.7, zoomLevel=512, compassFontScale=1.0, infoSlotFontScale=1.0, terrainAlpha=100, showEntityNames=false, showPassiveNames=false, positionX=0.9, positionY=0.25, effectVertical=false, showPlayerHeading=true, sizePercent=30, playerDisplayScale=1.0, showDayNight=true, showPets=true, showPlayerNames=true, preferredMapType=day, showCompass=true, showNpcNames=false, mobDisplay=jm.common.entity_display.dots_and_outlined_icons, showHostileNames=false, systemTimeRealFormat=HH:mm:ss, shape=jm.minimap.shape_circle, showSelf=true, showVillagerNames=false, selfDisplayScale=1.0, showGrid=true, reticleOrientation=jm.minimap.orientation.compass, minimapLockedMapType=jm.common.map_type.auto, gameTimeRealFormat=HH:mm:ss, effectTranslateX=0, showWaypoints=true, minimapKeyMovementSpeed=0.001, showAnimals=true, infoSlotAlpha=0.7, effectTranslateY=0, showWaypointLabels=true, showAmbientNames=false, moveEffectIcons=true, showTeamNames=true, position=jm.minimap.position_topright, fontScale=1.0, showPlayers=true, waypointIconScale=1.0, frameAlpha=100, effectReversed=false, backgroundAlpha=0.8, enabled=true, showVillagers=true, info2Label=jm.theme.labelsource.gametime, info3Label=jm.theme.labelsource.location, caveLayer=4, showMobs=true, waypointLabelScale=1.0, showReticle=true, orientation=jm.minimap.orientation.north, info4Label=jm.theme.labelsource.biome, locationFormat=xzyv, playerDisplay=jm.common.entity_display.dots, mobDisplayScale=1.0, showCaves=true, showMobHeading=true, locationFormatVerbose=true, showAmbientCreatures=false, showPetNames=false, info1Label=jm.theme.labelsource.blank, showNoIconNames=true}
MiniMapProperties{state=SavedOk, file=journeymap.minimap2.config, configVersion=6.0.0-beta.7, zoomLevel=512, compassFontScale=1.0, infoSlotFontScale=1.0, terrainAlpha=100, showEntityNames=false, showPassiveNames=false, positionX=0.9, positionY=0.25, effectVertical=false, showPlayerHeading=true, sizePercent=30, playerDisplayScale=1.0, showDayNight=true, showPets=true, showPlayerNames=true, preferredMapType=day, showCompass=true, showNpcNames=false, mobDisplay=jm.common.entity_display.dots_and_outlined_icons, showHostileNames=false, systemTimeRealFormat=HH:mm:ss, shape=jm.minimap.shape_rectangle, showSelf=true, showVillagerNames=false, selfDisplayScale=1.0, showGrid=true, reticleOrientation=jm.minimap.orientation.compass, minimapLockedMapType=jm.common.map_type.auto, gameTimeRealFormat=HH:mm:ss, effectTranslateX=0, showWaypoints=true, minimapKeyMovementSpeed=0.001, showAnimals=true, infoSlotAlpha=0.7, effectTranslateY=0, showWaypointLabels=true, showAmbientNames=false, moveEffectIcons=true, showTeamNames=true, position=jm.minimap.position_topright, fontScale=1.0, showPlayers=true, waypointIconScale=1.0, frameAlpha=100, effectReversed=false, backgroundAlpha=0.8, enabled=true, showVillagers=true, info2Label=jm.theme.labelsource.gametime, info3Label=jm.theme.labelsource.location, caveLayer=4, showMobs=true, waypointLabelScale=1.0, showReticle=true, orientation=jm.minimap.orientation.north, info4Label=jm.theme.labelsource.biome, locationFormat=xzyv, playerDisplay=jm.common.entity_display.dots, mobDisplayScale=1.0, showCaves=true, showMobHeading=true, locationFormatVerbose=true, showAmbientCreatures=false, showPetNames=false, info1Label=jm.theme.labelsource.blank, showNoIconNames=true}
FullMapProperties{state=SavedOk, file=journeymap.fullmap.config, configVersion=6.0.0-beta.7, zoomLevel=512, showPlayers=true, waypointIconScale=1.0, showEntityNames=false, showPassiveNames=false, showPlayerHeading=true, showVillagers=true, showPlayerLoc=true, showKeys=true, playerDisplayScale=1.0, showMobs=true, showPets=true, waypointLabelScale=1.0, showPlayerNames=true, preferredMapType=day, showNpcNames=false, mobDisplay=jm.common.entity_display.dots_and_outlined_icons, showHostileNames=false, showSelf=true, locationFormat=xzyv, playerDisplay=jm.common.entity_display.dots, showVillagerNames=false, mobDisplayScale=1.0, selfDisplayScale=1.0, showGrid=true, showMouseLoc=true, showWaypoints=true, showCaves=true, showAnimals=true, dragScale=1, showMobHeading=true, showWaypointLabels=true, locationFormatVerbose=true, showAmbientNames=false, showAmbientCreatures=false, showTeamNames=true, showPetNames=false, fontScale=1.0, showNoIconNames=true}
WaypointProperties{state=SavedOk, file=journeymap.waypoint.config, configVersion=6.0.0-beta.7, autoRemoveDeathpointDistance=2, dateFormat=MM-dd-yyyy, autoRemoveDeathpoints=false, newWaypointManager=false, fullscreenDoubleClickToCreate=true, managerDimensionFocus=false, minDistance=4, boldLabel=false, textureSmall=true, showDeathpointlabel=true, beaconEnabled=true, initialSortOrder=Distance, createDeathpoints=true, showName=true, disableStrikeThrough=false, maxDistance=0, autoHideLabel=true, autoRemoveTempWaypoints=2, teleportCommand=/tp {name} {x} {y} {z}, showStaticBeam=true, sortAscending=true, renderWaypoints=true, shaderBeacon=false, timeFormat=HH:mm:ss, showDeviationLabel=false, showDistance=true, showRotatingBeam=true, fontScale=2.0, showTexture=true, managerEnabled=true}
WebMapProperties{state=SavedOk, file=journeymap.webmap.config, configVersion=6.0.0-beta.7, port=8080, enabled=false}
CoreProperties{state=SavedOk, file=journeymap.core.config, configVersion=6.0.0-beta.7, maxPlayersData=32, mapSurfaceAboveCaves=true, dataCachingEnabled=true, maxAmbientCreaturesData=32, optionsManagerViewed=null, announceMod=true, colorPassive=#bbbbbb, colorPassiveLabel=#bbbbbb, mapShadows=true, mapBlendWater=false, playerIconFade=true, renderDistanceSurfaceMax=0, seedId=false, colorPetLabel=#0077ff, radarVerticalDistance=16, mapBlendGrass=true, recordCacheStats=false, hideSneakingEntities=true, initialSortOrder=Name, colorPlayerLabel=#ffffff, revealShape=jm.minimap.shape_circle, mapBiome=true, caveShader=jm.common.map_filter.default, mipmapLevels=5, colorVillagerLabel=#88e188, alwaysMapSurface=false, biomeShader=jm.common.map_filter.default, colorVillager=#88e188, mapPlants=false, colorPet=#0077ff, radarLateralDistance=64, mapBathymetry=false, mapCrops=true, maxMobsData=32, dayShader=jm.common.map_filter.default, mapPlantShadows=false, alwaysMapCaves=false, checkUpdates=true, colorHostileLabel=#ff0000, mapBlendFoliage=true, hideSpectators=false, mappingEnabled=true, colorPlayer=#ffffff, cacheVillagersData=2200, logLevel=INFO, maxVillagersData=32, mapWaterBiomeColors=false, maxAnimalsData=32, mapTransparency=true, caveBlackAsClear=false, caveModeThreshold=2, legacyIcons=false, netherShader=jm.common.map_filter.default, caveIgnoreGlass=true, mapTopography=true, renderDistanceCaveMax=0, mapAntialiasing=true, colorSelf=#0000ff, cachePlayersData=2000, nightShader=jm.common.map_filter.default, cacheMobsData=3000, cachePlayerData=1000, splashViewed=null, colorHostile=#ff0000, topoShader=jm.common.map_filter.default, cacheAnimalsData=3100, themeName=Purist, sortAscending=true, mapCaveLighting=true, renderDelay=2, serverIp=false, glErrorChecking=false, autoMapPoll=2000}
[13:52:40] [Render thread/INFO] [JourneymapClient] initialize EXIT, elapsed count 1 avg 1442,84ms
[13:52:41] [Render thread/INFO] [ThemeLoader] Preloaded theme textures: 73
[13:52:41] [Render thread/INFO] [JourneymapClient] postInitialize EXIT, elapsed count 1 avg 643,01ms
[13:52:53] [JM-VersionCheck-1/ERROR] [VersionCheck] Could not check version URL https://forge.curseupdate.com/32274/journeymap
java.net.http.HttpConnectTimeoutException: HTTP connect timed out
	at java.net.http/jdk.internal.net.http.HttpClientImpl.send(HttpClientImpl.java:945) ~[java.net.http:?]
	at java.net.http/jdk.internal.net.http.HttpClientFacade.send(HttpClientFacade.java:133) ~[java.net.http:?]
	at journeymap.common.version.VersionCheck.makeGetRequest(VersionCheck.java:214) ~[journeymap-fabric-1.21-6.0.0-beta.7.jar:?]
	at journeymap.common.version.VersionCheck.lambda$checkVersion$0(VersionCheck.java:116) ~[journeymap-fabric-1.21-6.0.0-beta.7.jar:?]
	at java.base/java.util.concurrent.Executors$RunnableAdapter.call(Executors.java:572) ~[?:?]
	at java.base/java.util.concurrent.FutureTask.run(FutureTask.java:317) ~[?:?]
	at java.base/java.util.concurrent.ThreadPoolExecutor.runWorker(ThreadPoolExecutor.java:1144) ~[?:?]
	at java.base/java.util.concurrent.ThreadPoolExecutor$Worker.run(ThreadPoolExecutor.java:642) ~[?:?]
	at java.base/java.lang.Thread.run(Thread.java:1583) [?:?]
Caused by: java.net.http.HttpConnectTimeoutException: HTTP connect timed out
	at java.net.http/jdk.internal.net.http.MultiExchange.toTimeoutException(MultiExchange.java:585) ~[java.net.http:?]
	at java.net.http/jdk.internal.net.http.MultiExchange.getExceptionalCF(MultiExchange.java:532) ~[java.net.http:?]
	at java.net.http/jdk.internal.net.http.MultiExchange.lambda$responseAsyncImpl$7(MultiExchange.java:452) ~[java.net.http:?]
	at java.base/java.util.concurrent.CompletableFuture.uniHandle(CompletableFuture.java:934) ~[?:?]
	at java.base/java.util.concurrent.CompletableFuture.uniHandleStage(CompletableFuture.java:950) ~[?:?]
	at java.base/java.util.concurrent.CompletableFuture.handle(CompletableFuture.java:2372) ~[?:?]
	at java.net.http/jdk.internal.net.http.MultiExchange.responseAsyncImpl(MultiExchange.java:444) ~[java.net.http:?]
	at java.net.http/jdk.internal.net.http.MultiExchange.lambda$responseAsync0$2(MultiExchange.java:346) ~[java.net.http:?]
	at java.base/java.util.concurrent.CompletableFuture$UniCompose.tryFire(CompletableFuture.java:1150) ~[?:?]
	at java.base/java.util.concurrent.CompletableFuture.postComplete(CompletableFuture.java:510) ~[?:?]
	at java.base/java.util.concurrent.CompletableFuture$AsyncSupply.run(CompletableFuture.java:1773) ~[?:?]
	at java.net.http/jdk.internal.net.http.HttpClientImpl$DelegatingExecutor.execute(HttpClientImpl.java:177) ~[java.net.http:?]
	at java.base/java.util.concurrent.CompletableFuture.completeAsync(CompletableFuture.java:2719) ~[?:?]
	at java.net.http/jdk.internal.net.http.MultiExchange.responseAsync(MultiExchange.java:299) ~[java.net.http:?]
	at java.net.http/jdk.internal.net.http.HttpClientImpl.sendAsync(HttpClientImpl.java:1047) ~[java.net.http:?]
	at java.net.http/jdk.internal.net.http.HttpClientImpl.send(HttpClientImpl.java:930) ~[java.net.http:?]
	... 8 more
Caused by: java.net.ConnectException: HTTP connect timed out
	at java.net.http/jdk.internal.net.http.MultiExchange.toTimeoutException(MultiExchange.java:586) ~[java.net.http:?]
	at java.net.http/jdk.internal.net.http.MultiExchange.getExceptionalCF(MultiExchange.java:532) ~[java.net.http:?]
	at java.net.http/jdk.internal.net.http.MultiExchange.lambda$responseAsyncImpl$7(MultiExchange.java:452) ~[java.net.http:?]
	at java.base/java.util.concurrent.CompletableFuture.uniHandle(CompletableFuture.java:934) ~[?:?]
	at java.base/java.util.concurrent.CompletableFuture.uniHandleStage(CompletableFuture.java:950) ~[?:?]
	at java.base/java.util.concurrent.CompletableFuture.handle(CompletableFuture.java:2372) ~[?:?]
	at java.net.http/jdk.internal.net.http.MultiExchange.responseAsyncImpl(MultiExchange.java:444) ~[java.net.http:?]
	at java.net.http/jdk.internal.net.http.MultiExchange.lambda$responseAsync0$2(MultiExchange.java:346) ~[java.net.http:?]
	at java.base/java.util.concurrent.CompletableFuture$UniCompose.tryFire(CompletableFuture.java:1150) ~[?:?]
	at java.base/java.util.concurrent.CompletableFuture.postComplete(CompletableFuture.java:510) ~[?:?]
	at java.base/java.util.concurrent.CompletableFuture$AsyncSupply.run(CompletableFuture.java:1773) ~[?:?]
	at java.net.http/jdk.internal.net.http.HttpClientImpl$DelegatingExecutor.execute(HttpClientImpl.java:177) ~[java.net.http:?]
	at java.base/java.util.concurrent.CompletableFuture.completeAsync(CompletableFuture.java:2719) ~[?:?]
	at java.net.http/jdk.internal.net.http.MultiExchange.responseAsync(MultiExchange.java:299) ~[java.net.http:?]
	at java.net.http/jdk.internal.net.http.HttpClientImpl.sendAsync(HttpClientImpl.java:1047) ~[java.net.http:?]
	at java.net.http/jdk.internal.net.http.HttpClientImpl.send(HttpClientImpl.java:930) ~[java.net.http:?]
	... 8 more
[13:53:13] [Render thread/INFO] [Services] Loaded null for service interface journeymap.api.services.WebMapService
[13:53:13] [Render thread/INFO] [ChatLog] JourneyMap: Нажмите [О].
[13:53:13] [Render thread/WARN] [PropertiesBase] core (Initialized) Bad configField entry during updateFrom(): optionsManagerViewed=null
[13:53:13] [Render thread/WARN] [PropertiesBase] core (Initialized) Bad configField entry during updateFrom(): splashViewed=null
[13:53:13] [Render thread/INFO] [LegacyWaypointFileMigrator] 0 Legacy waypoints found that need to be migrated and backed up.
[13:53:14] [Render thread/INFO] [ColorPalette] Color palette file generated for 0 blockstates in 0ms for: Default Palette
[13:53:14] [Render thread/INFO] [ColorPalette] Color palette file generated for 0 blockstates in 0ms for: C:\Users\galki\AppData\Roaming\.tlauncher\legacy\Minecraft\game\journeymap\colorpalette.json
[13:53:14] [Render thread/INFO] [ColorPalette] Color palette file generated for 0 blockstates in 1ms for: C:\Users\galki\AppData\Roaming\.tlauncher\legacy\Minecraft\game\journeymap\data\mp\Serenity\colorpalette.json
[13:53:14] [Render thread/INFO] [JourneymapClient] Mapping started in C:\Users\galki\AppData\Roaming\.tlauncher\legacy\Minecraft\game\journeymap\data\mp\Serenity\overworld. Memory: 2720MB total, 1988MB free 
[13:53:34] [Render thread/INFO] [JourneymapClient] Mapping halted in C:\Users\galki\AppData\Roaming\.tlauncher\legacy\Minecraft\game\journeymap\data\mp\Serenity\minecraft:overworld
[13:53:35] [Render thread/WARN] [PropertiesBase] core (Initialized) Bad configField entry during updateFrom(): optionsManagerViewed=null
[13:53:35] [Render thread/WARN] [PropertiesBase] core (Initialized) Bad configField entry during updateFrom(): splashViewed=null
[13:53:35] [Render thread/INFO] [LegacyWaypointFileMigrator] 0 Legacy waypoints found that need to be migrated and backed up.
[13:53:35] [Render thread/INFO] [ColorPalette] Color palette file generated for 0 blockstates in 0ms for: Default Palette
[13:53:35] [Render thread/INFO] [ColorPalette] Color palette file generated for 0 blockstates in 1ms for: C:\Users\galki\AppData\Roaming\.tlauncher\legacy\Minecraft\game\journeymap\colorpalette.json
[13:53:35] [Render thread/INFO] [ColorPalette] Color palette file generated for 0 blockstates in 0ms for: C:\Users\galki\AppData\Roaming\.tlauncher\legacy\Minecraft\game\journeymap\data\mp\Serenity\colorpalette.json
[13:53:35] [Render thread/INFO] [JourneymapClient] Mapping started in C:\Users\galki\AppData\Roaming\.tlauncher\legacy\Minecraft\game\journeymap\data\mp\Serenity\the_nether. Memory: 2720MB total, 1376MB free 
[13:54:58] [Render thread/INFO] [JourneymapClient] Mapping halted in C:\Users\galki\AppData\Roaming\.tlauncher\legacy\Minecraft\game\journeymap\data\mp\Serenity\minecraft:the_nether
[13:54:58] [Render thread/WARN] [PropertiesBase] core (Initialized) Bad configField entry during updateFrom(): optionsManagerViewed=null
[13:54:58] [Render thread/WARN] [PropertiesBase] core (Initialized) Bad configField entry during updateFrom(): splashViewed=null
[13:54:58] [Render thread/INFO] [LegacyWaypointFileMigrator] 0 Legacy waypoints found that need to be migrated and backed up.
[13:54:58] [Render thread/INFO] [ColorPalette] Color palette file generated for 0 blockstates in 0ms for: Default Palette
[13:54:58] [Render thread/INFO] [ColorPalette] Color palette file generated for 0 blockstates in 1ms for: C:\Users\galki\AppData\Roaming\.tlauncher\legacy\Minecraft\game\journeymap\colorpalette.json
[13:54:58] [Render thread/INFO] [ColorPalette] Color palette file generated for 0 blockstates in 0ms for: C:\Users\galki\AppData\Roaming\.tlauncher\legacy\Minecraft\game\journeymap\data\mp\Serenity\colorpalette.json
[13:54:58] [Render thread/INFO] [JourneymapClient] Mapping started in C:\Users\galki\AppData\Roaming\.tlauncher\legacy\Minecraft\game\journeymap\data\mp\Serenity\overworld. Memory: 2752MB total, 1792MB free 
[13:55:05] [Render thread/INFO] [JourneymapClient] Mapping halted in C:\Users\galki\AppData\Roaming\.tlauncher\legacy\Minecraft\game\journeymap\data\mp\Serenity\minecraft:overworld
[13:55:05] [Render thread/WARN] [PropertiesBase] core (Initialized) Bad configField entry during updateFrom(): optionsManagerViewed=null
[13:55:05] [Render thread/WARN] [PropertiesBase] core (Initialized) Bad configField entry during updateFrom(): splashViewed=null
[13:55:05] [Render thread/INFO] [LegacyWaypointFileMigrator] 0 Legacy waypoints found that need to be migrated and backed up.
[13:55:05] [Render thread/INFO] [ColorPalette] Color palette file generated for 0 blockstates in 0ms for: Default Palette
[13:55:05] [Render thread/INFO] [ColorPalette] Color palette file generated for 0 blockstates in 0ms for: C:\Users\galki\AppData\Roaming\.tlauncher\legacy\Minecraft\game\journeymap\colorpalette.json
[13:55:05] [Render thread/INFO] [ColorPalette] Color palette file generated for 0 blockstates in 1ms for: C:\Users\galki\AppData\Roaming\.tlauncher\legacy\Minecraft\game\journeymap\data\mp\Serenity\colorpalette.json
[13:55:06] [Render thread/INFO] [JourneymapClient] Mapping started in C:\Users\galki\AppData\Roaming\.tlauncher\legacy\Minecraft\game\journeymap\data\mp\Serenity\the_nether. Memory: 2816MB total, 1320MB free 
[13:55:38] [Render thread/INFO] [JourneymapClient] Mapping halted in C:\Users\galki\AppData\Roaming\.tlauncher\legacy\Minecraft\game\journeymap\data\mp\Serenity\minecraft:the_nether
[13:55:39] [Render thread/WARN] [PropertiesBase] core (Initialized) Bad configField entry during updateFrom(): optionsManagerViewed=null
[13:55:39] [Render thread/WARN] [PropertiesBase] core (Initialized) Bad configField entry during updateFrom(): splashViewed=null
[13:55:39] [Render thread/INFO] [LegacyWaypointFileMigrator] 0 Legacy waypoints found that need to be migrated and backed up.
[13:55:39] [Render thread/INFO] [ColorPalette] Color palette file generated for 0 blockstates in 0ms for: Default Palette
[13:55:39] [Render thread/INFO] [ColorPalette] Color palette file generated for 0 blockstates in 0ms for: C:\Users\galki\AppData\Roaming\.tlauncher\legacy\Minecraft\game\journeymap\colorpalette.json
[13:55:39] [Render thread/INFO] [ColorPalette] Color palette file generated for 0 blockstates in 1ms for: C:\Users\galki\AppData\Roaming\.tlauncher\legacy\Minecraft\game\journeymap\data\mp\Serenity\colorpalette.json
[13:55:39] [Render thread/INFO] [JourneymapClient] Mapping started in C:\Users\galki\AppData\Roaming\.tlauncher\legacy\Minecraft\game\journeymap\data\mp\Serenity\overworld. Memory: 2816MB total, 1522MB free 
[14:11:46] [Render thread/INFO] [JourneymapClient] Mapping halted in C:\Users\galki\AppData\Roaming\.tlauncher\legacy\Minecraft\game\journeymap\data\mp\Serenity\minecraft:overworld
[14:15:54] [Render thread/WARN] [PropertiesBase] core (Initialized) Bad configField entry during updateFrom(): optionsManagerViewed=null
[14:15:54] [Render thread/INFO] [LegacyWaypointFileMigrator] 0 Legacy waypoints found that need to be migrated and backed up.
[14:15:54] [Render thread/INFO] [ColorPalette] Color palette file generated for 0 blockstates in 0ms for: Default Palette
[14:15:54] [Render thread/INFO] [ColorPalette] Color palette file generated for 0 blockstates in 0ms for: C:\Users\galki\AppData\Roaming\.tlauncher\legacy\Minecraft\game\journeymap\colorpalette.json
[14:15:54] [Render thread/INFO] [ColorPalette] Color palette file generated for 0 blockstates in 1ms for: C:\Users\galki\AppData\Roaming\.tlauncher\legacy\Minecraft\game\journeymap\data\mp\Serenity\colorpalette.json
[14:15:54] [Render thread/INFO] [JourneymapClient] Mapping started in C:\Users\galki\AppData\Roaming\.tlauncher\legacy\Minecraft\game\journeymap\data\mp\Serenity\overworld. Memory: 2816MB total, 2MB free 
[14:19:56] [Render thread/INFO] [JourneymapClient] Mapping halted in C:\Users\galki\AppData\Roaming\.tlauncher\legacy\Minecraft\game\journeymap\data\mp\Serenity\minecraft:overworld
[14:19:57] [Render thread/WARN] [PropertiesBase] core (Initialized) Bad configField entry during updateFrom(): optionsManagerViewed=null
[14:19:57] [Render thread/INFO] [LegacyWaypointFileMigrator] 0 Legacy waypoints found that need to be migrated and backed up.
[14:19:57] [Render thread/INFO] [ColorPalette] Color palette file generated for 0 blockstates in 0ms for: Default Palette
[14:19:57] [Render thread/INFO] [ColorPalette] Color palette file generated for 0 blockstates in 1ms for: C:\Users\galki\AppData\Roaming\.tlauncher\legacy\Minecraft\game\journeymap\colorpalette.json
[14:19:57] [Render thread/INFO] [ColorPalette] Color palette file generated for 0 blockstates in 0ms for: C:\Users\galki\AppData\Roaming\.tlauncher\legacy\Minecraft\game\journeymap\data\mp\Serenity\colorpalette.json
[14:19:57] [Render thread/INFO] [JourneymapClient] Mapping started in C:\Users\galki\AppData\Roaming\.tlauncher\legacy\Minecraft\game\journeymap\data\mp\Serenity\the_nether. Memory: 5164MB total, 3974MB free 
[14:22:03] [Render thread/INFO] [JourneymapClient] Mapping halted in C:\Users\galki\AppData\Roaming\.tlauncher\legacy\Minecraft\game\journeymap\data\mp\Serenity\minecraft:the_nether
[14:22:04] [Render thread/WARN] [PropertiesBase] core (Initialized) Bad configField entry during updateFrom(): optionsManagerViewed=null
[14:22:04] [Render thread/INFO] [LegacyWaypointFileMigrator] 0 Legacy waypoints found that need to be migrated and backed up.
[14:22:05] [Render thread/INFO] [ColorPalette] Color palette file generated for 0 blockstates in 0ms for: Default Palette
[14:22:05] [Render thread/INFO] [ColorPalette] Color palette file generated for 0 blockstates in 0ms for: C:\Users\galki\AppData\Roaming\.tlauncher\legacy\Minecraft\game\journeymap\colorpalette.json
[14:22:05] [Render thread/INFO] [ColorPalette] Color palette file generated for 0 blockstates in 1ms for: C:\Users\galki\AppData\Roaming\.tlauncher\legacy\Minecraft\game\journeymap\data\mp\Serenity\colorpalette.json
[14:22:05] [Render thread/INFO] [JourneymapClient] Mapping started in C:\Users\galki\AppData\Roaming\.tlauncher\legacy\Minecraft\game\journeymap\data\mp\Serenity\overworld. Memory: 5228MB total, 4244MB free 
[14:22:14] [Render thread/INFO] [JourneymapClient] Mapping halted in C:\Users\galki\AppData\Roaming\.tlauncher\legacy\Minecraft\game\journeymap\data\mp\Serenity\minecraft:overworld
